<?xml version="1.0" encoding="UTF-8"?>
<testsuite name="com.fashion.springboot.web.dto.HelloResponseDtoTest" tests="1" skipped="0" failures="0" errors="0" timestamp="2020-03-08T05:22:56" hostname="DESKTOP-F4FOOB2" time="0.083">
  <properties/>
  <testcase name="롬복_기능_테스트" classname="com.fashion.springboot.web.dto.HelloResponseDtoTest" time="0.083"/>
  <system-out><![CDATA[]]></system-out>
  <system-err><![CDATA[]]></system-err>
</testsuite>
